<?xml version="1.0" encoding="UTF-8"?>
<!-- Generated by org.testng.reporters.JUnitXMLReporter -->
<testsuite ignored="0" hostname="DESKTOP-OJNVJHP" failures="0" tests="10" name="Functional" time="6.551" errors="0" timestamp="12 мая 2021 20:14:06 GMT">
  <testcase classname="hw2.ex1.Exercise1" name="centerIFrameTest" time="0.282"/>
  <testcase classname="hw2.ex1.Exercise1" name="footerTest" time="0.057"/>
  <testcase classname="hw2.ex1.Exercise1" name="headerSectionTest" time="0.251"/>
  <testcase classname="hw2.ex1.Exercise1" name="imagesTest" time="0.152"/>
  <testcase classname="hw2.ex1.Exercise1" name="leftSectionTest" time="0.06"/>
  <testcase classname="hw2.ex1.Exercise1" name="loginTest" time="0.516"/>
  <testcase classname="hw2.ex1.Exercise1" name="mainHeadersContentTest" time="0.094"/>
  <testcase classname="hw2.ex1.Exercise1" name="openPageTest" time="0.018"/>
  <testcase classname="hw2.ex1.Exercise1" name="subHeaderTest" time="0.067"/>
  <testcase classname="hw2.ex1.Exercise1" name="textTest" time="0.206"/>
</testsuite> <!-- Functional -->
