<?xml version="1.0" encoding="UTF-8"?>
<!-- Generated by org.testng.reporters.JUnitXMLReporter -->
<testsuite ignored="0" hostname="DESKTOP-OJNVJHP" failures="0" tests="11" name="Functional" time="6.756" errors="0" timestamp="12 мая 2021 20:14:38 GMT">
  <testcase classname="hw2.ex2.Exercise2" name="browserTitleTest" time="0.011"/>
  <testcase classname="hw2.ex2.Exercise2" name="headerServiceTest" time="0.657"/>
  <testcase classname="hw2.ex2.Exercise2" name="leftSectionServiceTest" time="0.658"/>
  <testcase classname="hw2.ex2.Exercise2" name="userLoginTest" time="0.348"/>
  <testcase classname="hw2.ex2.Exercise2" name="siteURLTest" time="0.006"/>
  <testcase classname="hw2.ex2.Exercise2" name="LogginedTest" time="0.039"/>
  <testcase classname="hw2.ex2.Exercise2" name="DifElementsTest" time="0.754"/>
  <testcase classname="hw2.ex2.Exercise2" name="checkboxesTest" time="0.252"/>
  <testcase classname="hw2.ex2.Exercise2" name="dropdownTest" time="0.207"/>
  <testcase classname="hw2.ex2.Exercise2" name="radioTest" time="0.163"/>
  <testcase classname="hw2.ex2.Exercise2" name="unselectCheckboxesTest" time="0.276"/>
</testsuite> <!-- Functional -->
