<?xml version="1.0" encoding="UTF-8"?>
<testng-results ignored="0" total="8" passed="8" failed="0" skipped="0">
  <reporter-output>
  </reporter-output>
  <suite started-at="2021-05-31T16:13:37 MSK" name="Ex1Suite" finished-at="2021-05-31T16:14:30 MSK" duration-ms="52824">
    <groups>
      <group name="cucumber">
        <method signature="AbstractTestNGCucumberTests.runScenario(io.cucumber.testng.PickleWrapper, io.cucumber.testng.FeatureWrapper)[pri:0, instance:HW3.Ex1Test.Ex1Test@2892dae4]" name="runScenario" class="io.cucumber.testng.AbstractTestNGCucumberTests"/>
      </group> <!-- cucumber -->
    </groups>
    <test started-at="2021-05-31T16:13:37 MSK" name="Functional" finished-at="2021-05-31T16:14:30 MSK" duration-ms="52824">
      <class name="HW3.Ex1Test.Ex1Test">
        <test-method is-config="true" signature="setUpClass()[pri:0, instance:HW3.Ex1Test.Ex1Test@2892dae4]" started-at="2021-05-31T16:13:37 MSK" name="setUpClass" finished-at="2021-05-31T16:13:37 MSK" duration-ms="268" status="PASS">
          <reporter-output>
          </reporter-output>
        </test-method> <!-- setUpClass -->
        <test-method signature="runScenario(io.cucumber.testng.PickleWrapper, io.cucumber.testng.FeatureWrapper)[pri:0, instance:HW3.Ex1Test.Ex1Test@2892dae4]" started-at="2021-05-31T16:13:37 MSK" name="runScenario" description="Runs Cucumber Scenarios" data-provider="scenarios" finished-at="2021-05-31T16:13:44 MSK" duration-ms="6536" status="PASS">
          <params>
            <param index="0">
              <value>
                <![CDATA["Assert browser title"]]>
              </value>
            </param>
            <param index="1">
              <value>
                <![CDATA["Optional[Ex1]"]]>
              </value>
            </param>
          </params>
          <reporter-output>
          </reporter-output>
        </test-method> <!-- runScenario -->
        <test-method signature="runScenario(io.cucumber.testng.PickleWrapper, io.cucumber.testng.FeatureWrapper)[pri:0, instance:HW3.Ex1Test.Ex1Test@2892dae4]" started-at="2021-05-31T16:13:44 MSK" name="runScenario" description="Runs Cucumber Scenarios" data-provider="scenarios" finished-at="2021-05-31T16:13:49 MSK" duration-ms="4884" status="PASS">
          <params>
            <param index="0">
              <value>
                <![CDATA["Assert header section contents"]]>
              </value>
            </param>
            <param index="1">
              <value>
                <![CDATA["Optional[Ex1]"]]>
              </value>
            </param>
          </params>
          <reporter-output>
          </reporter-output>
        </test-method> <!-- runScenario -->
        <test-method signature="runScenario(io.cucumber.testng.PickleWrapper, io.cucumber.testng.FeatureWrapper)[pri:0, instance:HW3.Ex1Test.Ex1Test@2892dae4]" started-at="2021-05-31T16:13:49 MSK" name="runScenario" description="Runs Cucumber Scenarios" data-provider="scenarios" finished-at="2021-05-31T16:13:54 MSK" duration-ms="5334" status="PASS">
          <params>
            <param index="0">
              <value>
                <![CDATA["Assert index page contents"]]>
              </value>
            </param>
            <param index="1">
              <value>
                <![CDATA["Optional[Ex1]"]]>
              </value>
            </param>
          </params>
          <reporter-output>
          </reporter-output>
        </test-method> <!-- runScenario -->
        <test-method signature="runScenario(io.cucumber.testng.PickleWrapper, io.cucumber.testng.FeatureWrapper)[pri:0, instance:HW3.Ex1Test.Ex1Test@2892dae4]" started-at="2021-05-31T16:13:54 MSK" name="runScenario" description="Runs Cucumber Scenarios" data-provider="scenarios" finished-at="2021-05-31T16:13:59 MSK" duration-ms="5192" status="PASS">
          <params>
            <param index="0">
              <value>
                <![CDATA["Assert texts of the main headers"]]>
              </value>
            </param>
            <param index="1">
              <value>
                <![CDATA["Optional[Ex1]"]]>
              </value>
            </param>
          </params>
          <reporter-output>
          </reporter-output>
        </test-method> <!-- runScenario -->
        <test-method signature="runScenario(io.cucumber.testng.PickleWrapper, io.cucumber.testng.FeatureWrapper)[pri:0, instance:HW3.Ex1Test.Ex1Test@2892dae4]" started-at="2021-05-31T16:13:59 MSK" name="runScenario" description="Runs Cucumber Scenarios" data-provider="scenarios" finished-at="2021-05-31T16:14:15 MSK" duration-ms="15397" status="PASS">
          <params>
            <param index="0">
              <value>
                <![CDATA["Assert center iframe"]]>
              </value>
            </param>
            <param index="1">
              <value>
                <![CDATA["Optional[Ex1]"]]>
              </value>
            </param>
          </params>
          <reporter-output>
          </reporter-output>
        </test-method> <!-- runScenario -->
        <test-method signature="runScenario(io.cucumber.testng.PickleWrapper, io.cucumber.testng.FeatureWrapper)[pri:0, instance:HW3.Ex1Test.Ex1Test@2892dae4]" started-at="2021-05-31T16:14:15 MSK" name="runScenario" description="Runs Cucumber Scenarios" data-provider="scenarios" finished-at="2021-05-31T16:14:20 MSK" duration-ms="4974" status="PASS">
          <params>
            <param index="0">
              <value>
                <![CDATA["Assert sub header"]]>
              </value>
            </param>
            <param index="1">
              <value>
                <![CDATA["Optional[Ex1]"]]>
              </value>
            </param>
          </params>
          <reporter-output>
          </reporter-output>
        </test-method> <!-- runScenario -->
        <test-method signature="runScenario(io.cucumber.testng.PickleWrapper, io.cucumber.testng.FeatureWrapper)[pri:0, instance:HW3.Ex1Test.Ex1Test@2892dae4]" started-at="2021-05-31T16:14:20 MSK" name="runScenario" description="Runs Cucumber Scenarios" data-provider="scenarios" finished-at="2021-05-31T16:14:25 MSK" duration-ms="5107" status="PASS">
          <params>
            <param index="0">
              <value>
                <![CDATA["Assert that there is a Left Section"]]>
              </value>
            </param>
            <param index="1">
              <value>
                <![CDATA["Optional[Ex1]"]]>
              </value>
            </param>
          </params>
          <reporter-output>
          </reporter-output>
        </test-method> <!-- runScenario -->
        <test-method signature="runScenario(io.cucumber.testng.PickleWrapper, io.cucumber.testng.FeatureWrapper)[pri:0, instance:HW3.Ex1Test.Ex1Test@2892dae4]" started-at="2021-05-31T16:14:25 MSK" name="runScenario" description="Runs Cucumber Scenarios" data-provider="scenarios" finished-at="2021-05-31T16:14:30 MSK" duration-ms="5077" status="PASS">
          <params>
            <param index="0">
              <value>
                <![CDATA["Assert that there is a Footer"]]>
              </value>
            </param>
            <param index="1">
              <value>
                <![CDATA["Optional[Ex1]"]]>
              </value>
            </param>
          </params>
          <reporter-output>
          </reporter-output>
        </test-method> <!-- runScenario -->
        <test-method is-config="true" signature="tearDownClass()[pri:0, instance:HW3.Ex1Test.Ex1Test@2892dae4]" started-at="2021-05-31T16:14:30 MSK" name="tearDownClass" finished-at="2021-05-31T16:14:30 MSK" duration-ms="14" status="PASS">
          <reporter-output>
          </reporter-output>
        </test-method> <!-- tearDownClass -->
      </class> <!-- HW3.Ex1Test.Ex1Test -->
    </test> <!-- Functional -->
  </suite> <!-- Ex1Suite -->
</testng-results>
